<?xml version="1.0" encoding="UTF-8"?>
<testsuites name="2 add to chart" time="13.437" tests="1" failures="0" errors="0">
   <testsuite name="2 add to chart" tests="1" failures="0" errors="0" time="13.437" skipped="0" timestamp="07-02-2024T10:38:47" hostname="ACER - LAPTOP-DI70DTOM" id="Test Suites/2 add to chart">
      <properties>
         <property name="deviceName" value=""/>
         <property name="devicePlatform" value=""/>
         <property name="logFolder" value="C:\\Users\\ACER\\git\\belajarkatalongit\\Reports\\20240207_103843\\2 add to chart\\20240207_103843"/>
         <property name="logFiles" value="C:\\Users\\ACER\\git\\belajarkatalongit\\Reports\\20240207_103843\\2 add to chart\\20240207_103843\\execution0.log"/>
         <property name="attachments" value=""/>
         <property name="hostName" value="ACER - LAPTOP-DI70DTOM"/>
         <property name="os" value="Windows 11 64bit"/>
         <property name="katalonVersion" value="9.3.0.212"/>
         <property name="browser" value="Chrome 121.0.0.0"/>
         <property name="hostAddress" value="172.16.213.32"/>
         <property name="sessionId" value="fc91377b89cf0d5b2076e41e1784852b"/>
         <property name="seleniumVersion" value="3.141.59"/>
         <property name="proxyInformation" value="ProxyInformation { proxyOption=NO_PROXY, proxyServerType=HTTP, username=, password=********, proxyServerAddress=, proxyServerPort=0, executionList=&quot;&quot;, isApplyToDesiredCapabilities=true }"/>
         <property name="platform" value="Windows 11"/>
      </properties>
      <testcase name="Test Cases/2 add to chart" time="13.207" classname="Test Cases/2 add to chart" status="PASSED">
         <system-out><![CDATA[07-02-2024T10:38:47 - [TEST_CASE][PASSED] - Test Cases/2 add to chart: Test Cases/2 add to chart

07-02-2024T10:38:47 - [TEST_STEP][PASSED] - openBrowser(""): Browser is opened with url: ''

07-02-2024T10:38:47 - [MESSAGE][INFO] - Starting 'Chrome' driver

07-02-2024T10:38:47 - [MESSAGE][INFO] - Action delay is set to 0 milliseconds

07-02-2024T10:38:49 - [MESSAGE][PASSED] - Browser is opened with url: ''

07-02-2024T10:38:49 - [TEST_STEP][PASSED] - navigateToUrl("https://cms.demo.katalon.com/"): Navigate to 'https://cms.demo.katalon.com/' successfully

07-02-2024T10:38:54 - [MESSAGE][PASSED] - Navigate to 'https://cms.demo.katalon.com/' successfully

07-02-2024T10:38:54 - [TEST_STEP][PASSED] - click(findTestObject("Object Repository/Testing Ninja Katalon/a_Add to cart")): Object: 'Object Repository/Testing Ninja Katalon/a_Add to cart' is clicked on

07-02-2024T10:38:55 - [MESSAGE][PASSED] - Object: 'Object Repository/Testing Ninja Katalon/a_Add to cart' is clicked on

07-02-2024T10:38:55 - [TEST_STEP][PASSED] - click(findTestObject("Object Repository/Testing Ninja Katalon/a_Add to cart_1")): Object: 'Object Repository/Testing Ninja Katalon/a_Add to cart_1' is clicked on

07-02-2024T10:38:56 - [MESSAGE][PASSED] - Object: 'Object Repository/Testing Ninja Katalon/a_Add to cart_1' is clicked on

07-02-2024T10:38:56 - [TEST_STEP][PASSED] - click(findTestObject("Object Repository/Testing Ninja Katalon/a_Add to cart_1_2")): Object: 'Object Repository/Testing Ninja Katalon/a_Add to cart_1_2' is clicked on

07-02-2024T10:38:57 - [MESSAGE][PASSED] - Object: 'Object Repository/Testing Ninja Katalon/a_Add to cart_1_2' is clicked on

07-02-2024T10:38:57 - [TEST_STEP][PASSED] - click(findTestObject("Object Repository/Testing Ninja Katalon/a_Cart")): Object: 'Object Repository/Testing Ninja Katalon/a_Cart' is clicked on

07-02-2024T10:39:00 - [MESSAGE][PASSED] - Object: 'Object Repository/Testing Ninja Katalon/a_Cart' is clicked on

07-02-2024T10:39:00 - [TEST_STEP][PASSED] - closeBrowser(): Browser is closed

07-02-2024T10:39:00 - [MESSAGE][PASSED] - Browser is closed]]></system-out>
         <system-err><![CDATA[]]></system-err>
      </testcase>
      <system-out><![CDATA[07-02-2024T10:38:47 - [TEST_SUITE][PASSED] - 2 add to chart: Test Cases/2 add to chart]]></system-out>
      <system-err><![CDATA[]]></system-err>
   </testsuite>
</testsuites>
